{"/Users/jordan.elley/code/BlackJackApp/Hello/Hello.js": {"path":"/Users/jordan.elley/code/BlackJackApp/Hello/Hello.js","statementMap":{"0":{"start":{"line":2,"column":4},"end":{"line":2,"column":37}},"1":{"start":{"line":5,"column":0},"end":{"line":7,"column":2}}},"fnMap":{"0":{"name":"helloHandler","decl":{"start":{"line":1,"column":9},"end":{"line":1,"column":21}},"loc":{"start":{"line":1,"column":41},"end":{"line":3,"column":1}},"line":1}},"branchMap":{},"s":{"0":1,"1":1},"f":{"0":1},"b":{},"_coverageSchema":"332fd63041d2c1bcb487cc26dd0d5f7d97098a6c","hash":"c4d7e3a147f2a707127a51b21c207d482ba2ed6c"}
}
